INFO:root:Recognized text: hello Jarvis how are you
INFO:root:Recognized text: Mujhe
INFO:root:Recognized text: kya kar sakta hun
INFO:root:Recognized text: kya kar sakta hun
INFO:root:Recognized text: aur tum kya kar rahi ho
INFO:root:Recognized text: Tum Ek kam karo likh do how r u
INFO:root:Recognized text: main kam ko likh do how r u theek hai
INFO:root:Recognized text: hello
INFO:root:Recognized text: kya kar rahi ho tum
INFO:root:Recognized text: kaisi ho tum
INFO:root:Recognized text: hello Jarvis
INFO:root:Recognized text: Jarvis Main Chahta Hun Ki tum mere liye ek
INFO:root:Recognized text: hello
INFO:root:Recognized text: Jarvis Aise likh do my life per
INFO:root:Recognized text: weather in Jammu
INFO:root:Recognized text: weather in Jammu
INFO:root:Recognized text: weather in Jammu
INFO:root:Recognized text: exit
INFO:root:Recognized text: weather in Jammu
INFO:root:Recognized text: kaisa laga goriye Pani
INFO:root:Recognized text: kya kar rahi ho
INFO:root:Recognized text: Teri Man Ka choda
INFO:root:Recognized text: weather in Jammu
INFO:root:Recognized text: exit
INFO:root:Recognized text: weather in Jammu
INFO:root:Recognized text: kya kar sakte hain exit
INFO:root:Recognized text: weather in London
INFO:root:Recognized text: networking call to Man Mein hi hoga lekin Itna Nahin Hoga reply Aur Tum Ek baat Shuru kar raha hun sham ko mere students Hai Kuchh Australia ke hain aur ek London ka hai to unhone bola ki sari sham ko ek online batch Shuru Karunga aur tum uska pura format aapko bhej deta hun
INFO:root:Recognized text: weather in London
INFO:root:Recognized text: exit
INFO:root:Recognized text: weather in London
INFO:root:Recognized text: weather in London
INFO:root:Recognized text: weather in London
INFO:root:Recognized text: weather in London
